<?xml version="1.0" encoding="UTF-8"?>
<testng-results skipped="0" failed="0" ignored="0" total="1" passed="1">
  <reporter-output>
  </reporter-output>
  <suite name="Surefire suite" duration-ms="114" started-at="2022-03-02T16:59:01 IST" finished-at="2022-03-02T16:59:01 IST">
    <groups>
    </groups>
    <test name="Surefire test" duration-ms="114" started-at="2022-03-02T16:59:01 IST" finished-at="2022-03-02T16:59:01 IST">
      <class name="mavenproject.staging.SeleniumTest">
        <test-method status="PASS" signature="selnium()[pri:0, instance:mavenproject.staging.SeleniumTest@3224f60b]" name="selnium" duration-ms="11" started-at="2022-03-02T16:59:01 IST" finished-at="2022-03-02T16:59:01 IST">
          <reporter-output>
          </reporter-output>
        </test-method> <!-- selnium -->
      </class> <!-- mavenproject.staging.SeleniumTest -->
    </test> <!-- Surefire test -->
  </suite> <!-- Surefire suite -->
</testng-results>
