<?xml version="1.0" encoding="UTF-8"?>
<testng-results ignored="0" total="1" passed="1" failed="0" skipped="0">
  <reporter-output>
  </reporter-output>
  <suite started-at="2022-03-01T18:47:56 IST" name="Default suite" finished-at="2022-03-01T18:47:56 IST" duration-ms="126">
    <groups>
    </groups>
    <test started-at="2022-03-01T18:47:56 IST" name="Default test" finished-at="2022-03-01T18:47:56 IST" duration-ms="126">
      <class name="mavenproject.staging.SeleniumTest">
        <test-method signature="selnium()[pri:0, instance:mavenproject.staging.SeleniumTest@1e04fa0a]" started-at="2022-03-01T18:47:56 IST" name="selnium" finished-at="2022-03-01T18:47:56 IST" duration-ms="17" status="PASS">
          <reporter-output>
          </reporter-output>
        </test-method> <!-- selnium -->
      </class> <!-- mavenproject.staging.SeleniumTest -->
    </test> <!-- Default test -->
  </suite> <!-- Default suite -->
</testng-results>
